<?xml version="1.0" encoding="UTF-8"?>
<!-- Generated by org.testng.reporters.JUnitReportReporter -->
<testsuite hostname="LAP-TZD-0X92937" failures="0" tests="1" name="Task.windowHand" time="0.243" errors="0" timestamp="2021-11-08T22:21:20 IST" skipped="0">
  <testcase classname="Task.windowHand" name="window" time="0.243"/>
  <system-out/>
</testsuite> <!-- Task.windowHand -->
