<?xml version="1.0" encoding="UTF-8"?>
<!-- Generated by org.testng.reporters.JUnitReportReporter -->
<testsuite hostname="LAP-TZD-0X92937" failures="0" tests="1" name="Task.Aman_kr" time="28.420" errors="0" timestamp="2021-11-26T13:27:25 IST" skipped="0">
  <testcase classname="Task.Aman_kr" name="Registration_Form" time="28.420"/>
  <system-out/>
</testsuite> <!-- Task.Aman_kr -->
